<?xml version="1.0" encoding="UTF-8"?>
<testsuite name="demo.StringUtilsTest" tests="1" skipped="0" failures="0" errors="0" timestamp="2022-09-02T14:23:56" hostname="EPCOBOGW1204" time="0.021">
  <properties/>
  <testcase name="isPositiveNumberTestCase()" classname="demo.StringUtilsTest" time="0.021"/>
  <system-out><![CDATA[]]></system-out>
  <system-err><![CDATA[]]></system-err>
</testsuite>
